********src/main/resources/p1.txt********
(func, 0)
( , 0)
(maxi, 2)
( , 0)
({, 0)
(a, 8)
(,, 0)
(b, 9)
(,, 0)
(c, 10)
(}, 0)
(-, 0)
(>, 0)
({, 0)
(maxi, 2)
(}, 0)
(:, 0)
(	, 0)
(if, 0)
( , 0)
(a, 8)
(>, 0)
(=, 0)
(b, 9)
( , 0)
(and, 0)
( , 0)
(a, 8)
(>, 0)
(=, 0)
(c, 10)
(:, 0)
(	, 0)
(	, 0)
(maxi, 2)
(=, 0)
(a, 8)
(	, 0)
(orif, 0)
( , 0)
(b, 9)
(>, 0)
(=, 0)
(a, 8)
( , 0)
(and, 0)
( , 0)
(b, 9)
(>, 0)
(=, 0)
(c, 10)
(:, 0)
(	, 0)
(	, 0)
(maxi, 2)
(=, 0)
(b, 9)
(	, 0)
(or, 0)
(:, 0)
(	, 0)
(	, 0)
(maxi, 2)
(=, 0)
(c, 10)
********src/main/resources/p2.txt********
(func, 0)
( , 0)
(maxi, 2)
( , 0)
({, 0)
(a, 8)
(,, 0)
(b, 9)
(,, 0)
(c, 10)
(}, 0)
(-, 0)
(>, 0)
({, 0)
(maxi, 2)
(}, 0)
(:, 0)
(	, 0)
(if, 0)
( , 0)
(a, 8)
(>, 0)
(=, 0)
(b, 9)
( , 0)
(and, 0)
( , 0)
(a, 8)
(>, 0)
(=, 0)
(c, 10)
(:, 0)
(	, 0)
(	, 0)
(maxi, 2)
(=, 0)
(a, 8)
(	, 0)
(orif, 0)
( , 0)
(b, 9)
(>, 0)
(=, 0)
(a, 8)
( , 0)
(and, 0)
( , 0)
(b, 9)
(>, 0)
(=, 0)
(c, 10)
(:, 0)
(	, 0)
(	, 0)
(maxi, 2)
(=, 0)
(b, 9)
(	, 0)
(or, 0)
(:, 0)
(	, 0)
(	, 0)
(maxi, 2)
(=, 0)
(c, 10)
(func, 0)
( , 0)
(isPrime, 8)
( , 0)
({, 0)
(a, 9)
(}, 0)
(-, 0)
(>, 0)
({, 0)
(result, 16)
(}, 0)
(:, 0)
(	, 0)
(if, 0)
( , 0)
(a, 18)
(<, 0)
(=, 0)
(1, 10)
(:, 0)
(	, 0)
(	, 0)
(result, 16)
(=, 0)
(False, 0)
(	, 0)
(	, 0)
(exit, 0)
(	, 0)
(for, 0)
( , 0)
(i, 6)
( , 0)
(from, 0)
( , 0)
(2, 11)
( , 0)
(to, 0)
( , 0)
(a, 18)
(:, 0)
(	, 0)
(	, 0)
(if, 0)
( , 0)
(a, 18)
(%, 0)
(i, 6)
(<, 0)
(-, 0)
(>, 0)
(0, 9)
(:, 0)
(	, 0)
(	, 0)
(	, 0)
(result, 16)
(=, 0)
(False, 0)
(	, 0)
(	, 0)
(	, 0)
(exit, 0)
(	, 0)
(result, 16)
(=, 0)
(True, 0)
********src/main/resources/p3.txt********
(func, 0)
( , 0)
(maxi, 2)
( , 0)
({, 0)
(a, 8)
(,, 0)
(b, 9)
(,, 0)
(c, 10)
(}, 0)
(-, 0)
(>, 0)
({, 0)
(maxi, 2)
(}, 0)
(:, 0)
(	, 0)
(if, 0)
( , 0)
(a, 8)
(>, 0)
(=, 0)
(b, 9)
( , 0)
(and, 0)
( , 0)
(a, 8)
(>, 0)
(=, 0)
(c, 10)
(:, 0)
(	, 0)
(	, 0)
(maxi, 2)
(=, 0)
(a, 8)
(	, 0)
(orif, 0)
( , 0)
(b, 9)
(>, 0)
(=, 0)
(a, 8)
( , 0)
(and, 0)
( , 0)
(b, 9)
(>, 0)
(=, 0)
(c, 10)
(:, 0)
(	, 0)
(	, 0)
(maxi, 2)
(=, 0)
(b, 9)
(	, 0)
(or, 0)
(:, 0)
(	, 0)
(	, 0)
(maxi, 2)
(=, 0)
(c, 10)
(func, 0)
( , 0)
(isPrime, 8)
( , 0)
({, 0)
(a, 9)
(}, 0)
(-, 0)
(>, 0)
({, 0)
(result, 16)
(}, 0)
(:, 0)
(	, 0)
(if, 0)
( , 0)
(a, 18)
(<, 0)
(=, 0)
(1, 10)
(:, 0)
(	, 0)
(	, 0)
(result, 16)
(=, 0)
(False, 0)
(	, 0)
(	, 0)
(exit, 0)
(	, 0)
(for, 0)
( , 0)
(i, 6)
( , 0)
(from, 0)
( , 0)
(2, 11)
( , 0)
(to, 0)
( , 0)
(a, 18)
(:, 0)
(	, 0)
(	, 0)
(if, 0)
( , 0)
(a, 18)
(%, 0)
(i, 6)
(<, 0)
(-, 0)
(>, 0)
(0, 9)
(:, 0)
(	, 0)
(	, 0)
(	, 0)
(result, 16)
(=, 0)
(False, 0)
(	, 0)
(	, 0)
(	, 0)
(exit, 0)
(	, 0)
(result, 16)
(=, 0)
(True, 0)
(func, 0)
( , 0)
(sum, 12)
( , 0)
({, 0)
(a[], 13)
(,, 0)
(n, 31)
(}, 0)
(-, 0)
(>, 0)
({, 0)
(sum, 12)
(}, 0)
(:, 0)
(	, 0)
(sum, 12)
(=, 0)
(0, 9)
(	, 0)
(for, 0)
( , 0)
(i, 26)
( , 0)
(from, 0)
( , 0)
(0, 9)
( , 0)
(to, 0)
( , 0)
(n, 31)
(:, 0)
(	, 0)
(	, 0)
(sum, 12)
(=, 0)
(sum, 12)
(+, 0)
(a[i], 7)
********src/main/resources/p1err.txt********
(func, 0)
( , 0)
(maxi, 2)
( , 0)
({, 0)
(a, 8)
(,, 0)
(b, 9)
(,, 0)
(c, 10)
(}, 0)
(-, 0)
(>, 0)
({, 0)
(maxi, 2)
(}, 0)
(:, 0)
(	, 0)
(if, 0)
( , 0)
(a, 8)
(>, 0)
(=, 0)
(b, 9)
( , 0)
(and, 0)
( , 0)
(a, 8)
(>, 0)
(=, 0)
(c, 10)
(:, 0)
(	, 0)
(	, 0)
(maxi, 2)
(=, 0)
(a, 8)
(	, 0)
(orif, 0)
( , 0)
(b, 9)
(>, 0)
(=, 0)
(a, 8)
( , 0)
(and, 0)
( , 0)
(b, 9)
(>, 0)
(=, 0)
(c, 10)
(:, 0)
(	, 0)
(	, 0)
(maxi, 2)
(=, 0)
(b, 9)
(	, 0)
(or, 0)
(:, 0)
(	, 0)
(	, 0)
(maxi, 2)
(=, 0)
(c, 10)
(func, 0)
( , 0)
(isPrime, 8)
( , 0)
({, 0)
(a, 9)
(}, 0)
(-, 0)
(>, 0)
({, 0)
(result, 16)
(}, 0)
(:, 0)
(	, 0)
(if, 0)
( , 0)
(a, 18)
(<, 0)
(=, 0)
(1, 10)
(:, 0)
(	, 0)
(	, 0)
(result, 16)
(=, 0)
(False, 0)
(	, 0)
(	, 0)
(exit, 0)
(	, 0)
(for, 0)
( , 0)
(i, 6)
( , 0)
(from, 0)
( , 0)
(2, 11)
( , 0)
(to, 0)
( , 0)
(a, 18)
(:, 0)
(	, 0)
(	, 0)
(if, 0)
( , 0)
(a, 18)
(%, 0)
(i, 6)
(<, 0)
(-, 0)
(>, 0)
(0, 9)
(:, 0)
(	, 0)
(	, 0)
(	, 0)
(result, 16)
(=, 0)
(False, 0)
(	, 0)
(	, 0)
(	, 0)
(exit, 0)
(	, 0)
(result, 16)
(=, 0)
(True, 0)
(func, 0)
( , 0)
(sum, 12)
( , 0)
({, 0)
(a[], 13)
(,, 0)
(n, 31)
(}, 0)
(-, 0)
(>, 0)
({, 0)
(sum, 12)
(}, 0)
(:, 0)
(	, 0)
(sum, 12)
(=, 0)
(0, 9)
(	, 0)
(for, 0)
( , 0)
(i, 26)
( , 0)
(from, 0)
( , 0)
(0, 9)
( , 0)
(to, 0)
( , 0)
(n, 31)
(:, 0)
(	, 0)
(	, 0)
(sum, 12)
(=, 0)
(sum, 12)
(+, 0)
(a[i], 7)
(func, 0)
( , 0)
(maxi, 22)
( , 0)
({, 0)
(a, 18)
(,, 0)
(b, 19)
(,, 0)
(c, 20)
(}, 0)
(-, 0)
(>, 0)
({, 0)
(maxi, 22)
(}, 0)
(:, 0)
(	, 0)
(if, 0)
( , 0)
(a, 18)
(>, 0)
(=, 0)
(b, 19)
( , 0)
( , 0)
(a, 18)
(>, 0)
(=, 0)
(c, 20)
(:, 0)
(	, 0)
(	, 0)
(maxi, 22)
(=, 0)
(a, 18)
(	, 0)
(orif, 0)
( , 0)
(b, 19)
(>, 0)
(=, 0)
(a, 18)
( , 0)
(and, 0)
( , 0)
(b, 19)
(>, 0)
(=, 0)
(c, 20)
(:, 0)
(	, 0)
(	, 0)
(maxi, 22)
(=, 0)
(	, 0)
(or, 0)
(:, 0)
(	, 0)
( , 0)
( , 0)
( , 0)
( , 0)
(maxi, 22)
(=, 0)
(c, 20)
(	, 0)
(maxi, 22)
(=, 0)
('a', 6)
( , 0)
( , 0)
( , 0)
( , 0)
(maxi, 22)
(=, 0)
( , 0)
( , 0)
( , 0)
( , 0)
(maxi, 22)
(=, 0)
('_', 24)
( , 0)
( , 0)
( , 0)
( , 0)
(maxi, 22)
(=, 0)
('5', 2)
(	, 0)
(maxi, 22)
(=, 0)
("5", 32)
(	, 0)
(maxi, 22)
(=, 0)
("", 9)
( , 0)
( , 0)
( , 0)
( , 0)
(maxi, 22)
(=, 0)
("aaaa", 17)
( , 0)
( , 0)
( , 0)
( , 0)
(maxi, 22)
(=, 0)
("a3_", 32)
( , 0)
( , 0)
( , 0)
( , 0)
(maxi, 22)
(=, 0)
("_", 14)
(	, 0)
(maxi, 22)
(=, 0)
(-5, 9)
(	, 0)
(maxi, 22)
(=, 0)
(5, 55)
(	, 0)
(maxi, 22)
(=, 0)
(0.5, 8)
(	, 0)
(maxi, 22)
(=, 0)
(-0.5, 43)
(	, 0)
(maxi, 22)
(=, 0)
(,, 0)
(	, 0)
(maxi, 22)
(=, 0)
(ac[], 21)
(	, 0)
(maxi, 22)
(=, 0)
(,, 0)
